2025-10-24 06:58:55,808 - INFO - Initializing 5G network topology...
2025-10-24 06:58:55,808 - INFO - Network initialized with 13 nodes
2025-10-24 06:58:55,808 - INFO - Generating normal traffic for 30 seconds...
2025-10-24 06:58:55,809 - INFO - Generated 120 traffic records
2025-10-24 06:58:55,809 - WARNING - Simulating DDoS attack on gNB-001
2025-10-24 06:58:55,809 - WARNING - DDoS attack completed: 34820 packets sent
2025-10-24 06:58:55,809 - WARNING - Simulating jamming attack in area (1, 1)
2025-10-24 06:58:55,810 - WARNING - Jamming attack affecting 1 nodes
2025-10-24 06:58:55,810 - WARNING - Simulating MITM attack between UE-001 and gNB-001
2025-10-24 06:58:55,810 - INFO - Analyzing traffic for anomalies...
2025-10-24 06:58:55,812 - INFO - Detected 2 anomalies
2025-10-24 06:58:55,812 - INFO - Generating security report...
2025-10-24 06:58:55,813 - INFO - Creating network topology visualization...
2025-10-24 06:59:06,902 - INFO - Creating traffic analysis visualizations...
2025-10-24 07:00:05,340 - INFO - Initializing 5G network topology...
2025-10-24 07:00:05,341 - INFO - Network initialized with 13 nodes
2025-10-24 07:00:05,341 - INFO - Generating normal traffic for 30 seconds...
2025-10-24 07:00:05,342 - INFO - Generated 120 traffic records
2025-10-24 07:00:05,342 - WARNING - Simulating DDoS attack on gNB-001
2025-10-24 07:00:05,342 - WARNING - DDoS attack completed: 26847 packets sent
2025-10-24 07:00:05,342 - WARNING - Simulating jamming attack in area (1, 1)
2025-10-24 07:00:05,342 - WARNING - Jamming attack affecting 1 nodes
2025-10-24 07:00:05,343 - WARNING - Simulating MITM attack between UE-001 and gNB-001
2025-10-24 07:00:05,343 - INFO - Analyzing traffic for anomalies...
2025-10-24 07:00:05,343 - INFO - Detected 2 anomalies
2025-10-24 07:00:05,344 - INFO - Generating security report...
2025-10-24 07:00:05,345 - INFO - Creating network topology visualization...
2025-10-24 07:00:08,986 - INFO - Creating traffic analysis visualizations...
2025-10-24 07:05:52,333 - INFO - Initializing 5G network topology...
2025-10-24 07:05:52,333 - INFO - Network initialized with 13 nodes
2025-10-24 07:05:52,333 - INFO - Generating normal traffic for 30 seconds...
2025-10-24 07:05:52,333 - INFO - Generated 120 traffic records
2025-10-24 07:05:52,334 - WARNING - Simulating DDoS attack on gNB-001
2025-10-24 07:05:52,334 - WARNING - DDoS attack completed: 26838 packets sent
2025-10-24 07:05:52,334 - WARNING - Simulating jamming attack in area (1, 1)
2025-10-24 07:05:52,334 - WARNING - Jamming attack affecting 1 nodes
2025-10-24 07:05:52,334 - WARNING - Simulating MITM attack between UE-001 and gNB-001
2025-10-24 07:05:52,335 - INFO - Analyzing traffic for anomalies...
2025-10-24 07:05:52,335 - INFO - Detected 2 anomalies
2025-10-24 07:05:52,335 - INFO - Generating security report...
2025-10-24 07:05:52,336 - INFO - Creating network topology visualization...
2025-10-24 07:05:59,047 - INFO - Creating traffic analysis visualizations...
